android/app/build/intermediates/manifest_merge_blame_file/debug/processDebugMainManifest/manifest-merger-blame-debug-report.txt
1<?xml version="1.0" encoding="utf-8"?>
2<manifest xmlns:android="http://schemas.android.com/apk/res/android"
3    package="com.talepifyapp"
4    android:versionCode="1"
5    android:versionName="1.0" >
6
7    <uses-sdk
8        android:minSdkVersion="23"
9        android:targetSdkVersion="35" />
10
11    <uses-permission android:name="android.permission.INTERNET" />
11-->src\main\AndroidManifest.xml:3:5-67
11-->src\main\AndroidManifest.xml:3:22-64
12    <uses-permission android:name="android.permission.ACCESS_FINE_LOCATION" />
12-->src\main\AndroidManifest.xml:4:5-79
12-->src\main\AndroidManifest.xml:4:22-76
13    <uses-permission android:name="android.permission.ACCESS_COARSE_LOCATION" />
13-->src\main\AndroidManifest.xml:5:5-81
13-->src\main\AndroidManifest.xml:5:22-78
14    <uses-permission android:name="android.permission.VIBRATE" />
14-->src\main\AndroidManifest.xml:6:5-66
14-->src\main\AndroidManifest.xml:6:22-63
15    <uses-permission android:name="android.permission.WAKE_LOCK" />
15-->src\main\AndroidManifest.xml:7:5-68
15-->src\main\AndroidManifest.xml:7:22-65
16    <uses-permission android:name="android.permission.RECEIVE_BOOT_COMPLETED" />
16-->src\main\AndroidManifest.xml:8:5-81
16-->src\main\AndroidManifest.xml:8:22-78
17    <uses-permission android:name="android.permission.SCHEDULE_EXACT_ALARM" />
17-->src\main\AndroidManifest.xml:9:5-79
17-->src\main\AndroidManifest.xml:9:22-76
18    <uses-permission android:name="android.permission.ACCESS_NETWORK_STATE" />
18-->[:react-native-firebase_auth] AndroidManifest.xml:9:5-79
18-->[:react-native-firebase_auth] AndroidManifest.xml:9:22-76
19    <!--
20    This manifest file is used only by Gradle to configure debug-only capabilities
21    for React Native Apps.
22    -->
23    <uses-permission android:name="android.permission.SYSTEM_ALERT_WINDOW" />
23-->[com.facebook.react:react-android:0.74.5] AndroidManifest.xml:16:5-78
23-->[com.facebook.react:react-android:0.74.5] AndroidManifest.xml:16:22-75
24    <uses-permission android:name="android.permission.POST_NOTIFICATIONS" /> <!-- Required by older versions of Google Play services to create IID tokens -->
24-->[com.google.firebase:firebase-messaging:25.0.0] AndroidManifest.xml:23:5-77
24-->[com.google.firebase:firebase-messaging:25.0.0] AndroidManifest.xml:23:22-74
25    <uses-permission android:name="com.google.android.c2dm.permission.RECEIVE" />
25-->[com.google.firebase:firebase-messaging:25.0.0] AndroidManifest.xml:26:5-82
25-->[com.google.firebase:firebase-messaging:25.0.0] AndroidManifest.xml:26:22-79
26    <uses-permission android:name="com.google.android.providers.gsf.permission.READ_GSERVICES" />
26-->[com.google.android.recaptcha:recaptcha:18.6.1] AndroidManifest.xml:9:5-98
26-->[com.google.android.recaptcha:recaptcha:18.6.1] AndroidManifest.xml:9:22-95
27
28    <permission
28-->[androidx.core:core:1.13.1] AndroidManifest.xml:22:5-24:47
29        android:name="com.talepifyapp.DYNAMIC_RECEIVER_NOT_EXPORTED_PERMISSION"
29-->[androidx.core:core:1.13.1] AndroidManifest.xml:23:9-81
30        android:protectionLevel="signature" />
30-->[androidx.core:core:1.13.1] AndroidManifest.xml:24:9-44
31
32    <uses-permission android:name="com.talepifyapp.DYNAMIC_RECEIVER_NOT_EXPORTED_PERMISSION" /> <!-- for android -->
32-->[androidx.core:core:1.13.1] AndroidManifest.xml:26:5-97
32-->[androidx.core:core:1.13.1] AndroidManifest.xml:26:22-94
33    <!-- <uses-permission android:name="com.android.launcher.permission.READ_SETTINGS"/> -->
34    <!-- <uses-permission android:name="com.android.launcher.permission.WRITE_SETTINGS"/> -->
35    <!-- <uses-permission android:name="com.android.launcher.permission.INSTALL_SHORTCUT" /> -->
36    <!-- <uses-permission android:name="com.android.launcher.permission.UNINSTALL_SHORTCUT" /> -->
37    <!-- for Samsung -->
38    <uses-permission android:name="com.sec.android.provider.badge.permission.READ" />
38-->[me.leolin:ShortcutBadger:1.1.22] AndroidManifest.xml:19:5-86
38-->[me.leolin:ShortcutBadger:1.1.22] AndroidManifest.xml:19:22-83
39    <uses-permission android:name="com.sec.android.provider.badge.permission.WRITE" /> <!-- for htc -->
39-->[me.leolin:ShortcutBadger:1.1.22] AndroidManifest.xml:20:5-87
39-->[me.leolin:ShortcutBadger:1.1.22] AndroidManifest.xml:20:22-84
40    <uses-permission android:name="com.htc.launcher.permission.READ_SETTINGS" />
40-->[me.leolin:ShortcutBadger:1.1.22] AndroidManifest.xml:23:5-81
40-->[me.leolin:ShortcutBadger:1.1.22] AndroidManifest.xml:23:22-78
41    <uses-permission android:name="com.htc.launcher.permission.UPDATE_SHORTCUT" /> <!-- for sony -->
41-->[me.leolin:ShortcutBadger:1.1.22] AndroidManifest.xml:24:5-83
41-->[me.leolin:ShortcutBadger:1.1.22] AndroidManifest.xml:24:22-80
42    <uses-permission android:name="com.sonyericsson.home.permission.BROADCAST_BADGE" />
42-->[me.leolin:ShortcutBadger:1.1.22] AndroidManifest.xml:27:5-88
42-->[me.leolin:ShortcutBadger:1.1.22] AndroidManifest.xml:27:22-85
43    <uses-permission android:name="com.sonymobile.home.permission.PROVIDER_INSERT_BADGE" /> <!-- for apex -->
43-->[me.leolin:ShortcutBadger:1.1.22] AndroidManifest.xml:28:5-92
43-->[me.leolin:ShortcutBadger:1.1.22] AndroidManifest.xml:28:22-89
44    <uses-permission android:name="com.anddoes.launcher.permission.UPDATE_COUNT" /> <!-- for solid -->
44-->[me.leolin:ShortcutBadger:1.1.22] AndroidManifest.xml:31:5-84
44-->[me.leolin:ShortcutBadger:1.1.22] AndroidManifest.xml:31:22-81
45    <uses-permission android:name="com.majeur.launcher.permission.UPDATE_BADGE" /> <!-- for huawei -->
45-->[me.leolin:ShortcutBadger:1.1.22] AndroidManifest.xml:34:5-83
45-->[me.leolin:ShortcutBadger:1.1.22] AndroidManifest.xml:34:22-80
46    <uses-permission android:name="com.huawei.android.launcher.permission.CHANGE_BADGE" />
46-->[me.leolin:ShortcutBadger:1.1.22] AndroidManifest.xml:37:5-91
46-->[me.leolin:ShortcutBadger:1.1.22] AndroidManifest.xml:37:22-88
47    <uses-permission android:name="com.huawei.android.launcher.permission.READ_SETTINGS" />
47-->[me.leolin:ShortcutBadger:1.1.22] AndroidManifest.xml:38:5-92
47-->[me.leolin:ShortcutBadger:1.1.22] AndroidManifest.xml:38:22-89
48    <uses-permission android:name="com.huawei.android.launcher.permission.WRITE_SETTINGS" /> <!-- for ZUK -->
48-->[me.leolin:ShortcutBadger:1.1.22] AndroidManifest.xml:39:5-93
48-->[me.leolin:ShortcutBadger:1.1.22] AndroidManifest.xml:39:22-90
49    <uses-permission android:name="android.permission.READ_APP_BADGE" /> <!-- for OPPO -->
49-->[me.leolin:ShortcutBadger:1.1.22] AndroidManifest.xml:42:5-73
49-->[me.leolin:ShortcutBadger:1.1.22] AndroidManifest.xml:42:22-70
50    <uses-permission android:name="com.oppo.launcher.permission.READ_SETTINGS" />
50-->[me.leolin:ShortcutBadger:1.1.22] AndroidManifest.xml:45:5-82
50-->[me.leolin:ShortcutBadger:1.1.22] AndroidManifest.xml:45:22-79
51    <uses-permission android:name="com.oppo.launcher.permission.WRITE_SETTINGS" /> <!-- for EvMe -->
51-->[me.leolin:ShortcutBadger:1.1.22] AndroidManifest.xml:46:5-83
51-->[me.leolin:ShortcutBadger:1.1.22] AndroidManifest.xml:46:22-80
52    <uses-permission android:name="me.everything.badger.permission.BADGE_COUNT_READ" />
52-->[me.leolin:ShortcutBadger:1.1.22] AndroidManifest.xml:49:5-88
52-->[me.leolin:ShortcutBadger:1.1.22] AndroidManifest.xml:49:22-85
53    <uses-permission android:name="me.everything.badger.permission.BADGE_COUNT_WRITE" />
53-->[me.leolin:ShortcutBadger:1.1.22] AndroidManifest.xml:50:5-89
53-->[me.leolin:ShortcutBadger:1.1.22] AndroidManifest.xml:50:22-86
54
55    <application
55-->src\main\AndroidManifest.xml:11:5-30:19
56        android:name="com.talepifyapp.MainApplication"
56-->src\main\AndroidManifest.xml:12:7-38
57        android:allowBackup="false"
57-->src\main\AndroidManifest.xml:16:7-34
58        android:appComponentFactory="androidx.core.app.CoreComponentFactory"
58-->[androidx.core:core:1.13.1] AndroidManifest.xml:28:18-86
59        android:debuggable="true"
60        android:extractNativeLibs="false"
61        android:icon="@mipmap/ic_launcher"
61-->src\main\AndroidManifest.xml:14:7-41
62        android:label="@string/app_name"
62-->src\main\AndroidManifest.xml:13:7-39
63        android:roundIcon="@mipmap/ic_launcher_round"
63-->src\main\AndroidManifest.xml:15:7-52
64        android:theme="@style/AppTheme"
64-->src\main\AndroidManifest.xml:17:7-38
65        android:usesCleartextTraffic="true" >
65-->src\debug\AndroidManifest.xml:6:9-44
66        <activity
66-->src\main\AndroidManifest.xml:18:7-29:18
67            android:name="com.talepifyapp.MainActivity"
67-->src\main\AndroidManifest.xml:19:9-37
68            android:configChanges="keyboard|keyboardHidden|orientation|screenLayout|screenSize|smallestScreenSize|uiMode"
68-->src\main\AndroidManifest.xml:21:9-118
69            android:exported="true"
69-->src\main\AndroidManifest.xml:24:9-32
70            android:label="@string/app_name"
70-->src\main\AndroidManifest.xml:20:9-41
71            android:launchMode="singleTask"
71-->src\main\AndroidManifest.xml:22:9-40
72            android:windowSoftInputMode="adjustResize" >
72-->src\main\AndroidManifest.xml:23:9-51
73            <intent-filter>
73-->src\main\AndroidManifest.xml:25:9-28:25
74                <action android:name="android.intent.action.MAIN" />
74-->src\main\AndroidManifest.xml:26:13-65
74-->src\main\AndroidManifest.xml:26:21-62
75
76                <category android:name="android.intent.category.LAUNCHER" />
76-->src\main\AndroidManifest.xml:27:13-73
76-->src\main\AndroidManifest.xml:27:23-70
77            </intent-filter>
78        </activity>
79
80        <meta-data
80-->[:react-native-firebase_app] AndroidManifest.xml:9:9-11:36
81            android:name="app_data_collection_default_enabled"
81-->[:react-native-firebase_app] AndroidManifest.xml:10:13-63
82            android:value="true" />
82-->[:react-native-firebase_app] AndroidManifest.xml:11:13-33
83
84        <service
84-->[:react-native-firebase_app] AndroidManifest.xml:13:9-21:19
85            android:name="com.google.firebase.components.ComponentDiscoveryService"
85-->[:react-native-firebase_app] AndroidManifest.xml:14:13-84
86            android:directBootAware="true"
86-->[:react-native-firebase_app] AndroidManifest.xml:15:13-43
87            android:exported="false" >
87-->[:react-native-firebase_app] AndroidManifest.xml:16:13-37
88            <meta-data
88-->[:react-native-firebase_app] AndroidManifest.xml:18:13-20:85
89                android:name="com.google.firebase.components:io.invertase.firebase.app.ReactNativeFirebaseAppRegistrar"
89-->[:react-native-firebase_app] AndroidManifest.xml:19:17-120
90                android:value="com.google.firebase.components.ComponentRegistrar" />
90-->[:react-native-firebase_app] AndroidManifest.xml:20:17-82
91            <meta-data
91-->[com.google.firebase:firebase-auth:24.0.1] AndroidManifest.xml:69:13-71:85
92                android:name="com.google.firebase.components:com.google.firebase.auth.FirebaseAuthRegistrar"
92-->[com.google.firebase:firebase-auth:24.0.1] AndroidManifest.xml:70:17-109
93                android:value="com.google.firebase.components.ComponentRegistrar" />
93-->[com.google.firebase:firebase-auth:24.0.1] AndroidManifest.xml:71:17-82
94            <meta-data
94-->[com.google.firebase:firebase-firestore:26.0.0] AndroidManifest.xml:17:13-19:85
95                android:name="com.google.firebase.components:com.google.firebase.firestore.FirebaseFirestoreKtxRegistrar"
95-->[com.google.firebase:firebase-firestore:26.0.0] AndroidManifest.xml:18:17-122
96                android:value="com.google.firebase.components.ComponentRegistrar" />
96-->[com.google.firebase:firebase-firestore:26.0.0] AndroidManifest.xml:19:17-82
97            <meta-data
97-->[com.google.firebase:firebase-firestore:26.0.0] AndroidManifest.xml:20:13-22:85
98                android:name="com.google.firebase.components:com.google.firebase.firestore.FirestoreRegistrar"
98-->[com.google.firebase:firebase-firestore:26.0.0] AndroidManifest.xml:21:17-111
99                android:value="com.google.firebase.components.ComponentRegistrar" />
99-->[com.google.firebase:firebase-firestore:26.0.0] AndroidManifest.xml:22:17-82
100            <meta-data
100-->[com.google.firebase:firebase-messaging:25.0.0] AndroidManifest.xml:57:13-59:85
101                android:name="com.google.firebase.components:com.google.firebase.messaging.FirebaseMessagingKtxRegistrar"
101-->[com.google.firebase:firebase-messaging:25.0.0] AndroidManifest.xml:58:17-122
102                android:value="com.google.firebase.components.ComponentRegistrar" />
102-->[com.google.firebase:firebase-messaging:25.0.0] AndroidManifest.xml:59:17-82
103            <meta-data
103-->[com.google.firebase:firebase-messaging:25.0.0] AndroidManifest.xml:60:13-62:85
104                android:name="com.google.firebase.components:com.google.firebase.messaging.FirebaseMessagingRegistrar"
104-->[com.google.firebase:firebase-messaging:25.0.0] AndroidManifest.xml:61:17-119
105                android:value="com.google.firebase.components.ComponentRegistrar" />
105-->[com.google.firebase:firebase-messaging:25.0.0] AndroidManifest.xml:62:17-82
106            <meta-data
106-->[com.google.firebase:firebase-installations:19.0.0] AndroidManifest.xml:15:13-17:85
107                android:name="com.google.firebase.components:com.google.firebase.installations.FirebaseInstallationsKtxRegistrar"
107-->[com.google.firebase:firebase-installations:19.0.0] AndroidManifest.xml:16:17-130
108                android:value="com.google.firebase.components.ComponentRegistrar" />
108-->[com.google.firebase:firebase-installations:19.0.0] AndroidManifest.xml:17:17-82
109            <meta-data
109-->[com.google.firebase:firebase-installations:19.0.0] AndroidManifest.xml:18:13-20:85
110                android:name="com.google.firebase.components:com.google.firebase.installations.FirebaseInstallationsRegistrar"
110-->[com.google.firebase:firebase-installations:19.0.0] AndroidManifest.xml:19:17-127
111                android:value="com.google.firebase.components.ComponentRegistrar" />
111-->[com.google.firebase:firebase-installations:19.0.0] AndroidManifest.xml:20:17-82
112            <meta-data
112-->[com.google.firebase:firebase-common:22.0.0] AndroidManifest.xml:35:13-37:85
113                android:name="com.google.firebase.components:com.google.firebase.FirebaseCommonKtxRegistrar"
113-->[com.google.firebase:firebase-common:22.0.0] AndroidManifest.xml:36:17-109
114                android:value="com.google.firebase.components.ComponentRegistrar" />
114-->[com.google.firebase:firebase-common:22.0.0] AndroidManifest.xml:37:17-82
115            <meta-data
115-->[com.google.firebase:firebase-datatransport:18.2.0] AndroidManifest.xml:25:13-27:85
116                android:name="com.google.firebase.components:com.google.firebase.datatransport.TransportRegistrar"
116-->[com.google.firebase:firebase-datatransport:18.2.0] AndroidManifest.xml:26:17-115
117                android:value="com.google.firebase.components.ComponentRegistrar" />
117-->[com.google.firebase:firebase-datatransport:18.2.0] AndroidManifest.xml:27:17-82
118        </service>
119
120        <provider
120-->[:react-native-firebase_app] AndroidManifest.xml:23:9-27:38
121            android:name="io.invertase.firebase.app.ReactNativeFirebaseAppInitProvider"
121-->[:react-native-firebase_app] AndroidManifest.xml:24:13-88
122            android:authorities="com.talepifyapp.reactnativefirebaseappinitprovider"
122-->[:react-native-firebase_app] AndroidManifest.xml:25:13-86
123            android:exported="false"
123-->[:react-native-firebase_app] AndroidManifest.xml:26:13-37
124            android:initOrder="99" />
124-->[:react-native-firebase_app] AndroidManifest.xml:27:13-35
125
126        <activity
126-->[com.facebook.react:react-android:0.74.5] AndroidManifest.xml:19:9-21:40
127            android:name="com.facebook.react.devsupport.DevSettingsActivity"
127-->[com.facebook.react:react-android:0.74.5] AndroidManifest.xml:20:13-77
128            android:exported="false" />
128-->[com.facebook.react:react-android:0.74.5] AndroidManifest.xml:21:13-37
129        <activity
129-->[com.google.firebase:firebase-auth:24.0.1] AndroidManifest.xml:29:9-46:20
130            android:name="com.google.firebase.auth.internal.GenericIdpActivity"
130-->[com.google.firebase:firebase-auth:24.0.1] AndroidManifest.xml:30:13-80
131            android:excludeFromRecents="true"
131-->[com.google.firebase:firebase-auth:24.0.1] AndroidManifest.xml:31:13-46
132            android:exported="true"
132-->[com.google.firebase:firebase-auth:24.0.1] AndroidManifest.xml:32:13-36
133            android:launchMode="singleTask"
133-->[com.google.firebase:firebase-auth:24.0.1] AndroidManifest.xml:33:13-44
134            android:theme="@android:style/Theme.Translucent.NoTitleBar" >
134-->[com.google.firebase:firebase-auth:24.0.1] AndroidManifest.xml:34:13-72
135            <intent-filter>
135-->[com.google.firebase:firebase-auth:24.0.1] AndroidManifest.xml:35:13-45:29
136                <action android:name="android.intent.action.VIEW" />
136-->[com.google.firebase:firebase-auth:24.0.1] AndroidManifest.xml:36:17-69
136-->[com.google.firebase:firebase-auth:24.0.1] AndroidManifest.xml:36:25-66
137
138                <category android:name="android.intent.category.DEFAULT" />
138-->[com.google.firebase:firebase-auth:24.0.1] AndroidManifest.xml:38:17-76
138-->[com.google.firebase:firebase-auth:24.0.1] AndroidManifest.xml:38:27-73
139                <category android:name="android.intent.category.BROWSABLE" />
139-->[com.google.firebase:firebase-auth:24.0.1] AndroidManifest.xml:39:17-78
139-->[com.google.firebase:firebase-auth:24.0.1] AndroidManifest.xml:39:27-75
140
141                <data
141-->[com.google.firebase:firebase-auth:24.0.1] AndroidManifest.xml:41:17-44:51
142                    android:host="firebase.auth"
142-->[com.google.firebase:firebase-auth:24.0.1] AndroidManifest.xml:42:21-49
143                    android:path="/"
143-->[com.google.firebase:firebase-auth:24.0.1] AndroidManifest.xml:43:21-37
144                    android:scheme="genericidp" />
144-->[com.google.firebase:firebase-auth:24.0.1] AndroidManifest.xml:44:21-48
145            </intent-filter>
146        </activity>
147        <activity
147-->[com.google.firebase:firebase-auth:24.0.1] AndroidManifest.xml:47:9-64:20
148            android:name="com.google.firebase.auth.internal.RecaptchaActivity"
148-->[com.google.firebase:firebase-auth:24.0.1] AndroidManifest.xml:48:13-79
149            android:excludeFromRecents="true"
149-->[com.google.firebase:firebase-auth:24.0.1] AndroidManifest.xml:49:13-46
150            android:exported="true"
150-->[com.google.firebase:firebase-auth:24.0.1] AndroidManifest.xml:50:13-36
151            android:launchMode="singleTask"
151-->[com.google.firebase:firebase-auth:24.0.1] AndroidManifest.xml:51:13-44
152            android:theme="@android:style/Theme.Translucent.NoTitleBar" >
152-->[com.google.firebase:firebase-auth:24.0.1] AndroidManifest.xml:52:13-72
153            <intent-filter>
153-->[com.google.firebase:firebase-auth:24.0.1] AndroidManifest.xml:53:13-63:29
154                <action android:name="android.intent.action.VIEW" />
154-->[com.google.firebase:firebase-auth:24.0.1] AndroidManifest.xml:36:17-69
154-->[com.google.firebase:firebase-auth:24.0.1] AndroidManifest.xml:36:25-66
155
156                <category android:name="android.intent.category.DEFAULT" />
156-->[com.google.firebase:firebase-auth:24.0.1] AndroidManifest.xml:38:17-76
156-->[com.google.firebase:firebase-auth:24.0.1] AndroidManifest.xml:38:27-73
157                <category android:name="android.intent.category.BROWSABLE" />
157-->[com.google.firebase:firebase-auth:24.0.1] AndroidManifest.xml:39:17-78
157-->[com.google.firebase:firebase-auth:24.0.1] AndroidManifest.xml:39:27-75
158
159                <data
159-->[com.google.firebase:firebase-auth:24.0.1] AndroidManifest.xml:41:17-44:51
160                    android:host="firebase.auth"
160-->[com.google.firebase:firebase-auth:24.0.1] AndroidManifest.xml:42:21-49
161                    android:path="/"
161-->[com.google.firebase:firebase-auth:24.0.1] AndroidManifest.xml:43:21-37
162                    android:scheme="recaptcha" />
162-->[com.google.firebase:firebase-auth:24.0.1] AndroidManifest.xml:44:21-48
163            </intent-filter>
164        </activity>
165
166        <service
166-->[androidx.credentials:credentials-play-services-auth:1.2.0-rc01] AndroidManifest.xml:24:9-32:19
167            android:name="androidx.credentials.playservices.CredentialProviderMetadataHolder"
167-->[androidx.credentials:credentials-play-services-auth:1.2.0-rc01] AndroidManifest.xml:25:13-94
168            android:enabled="true"
168-->[androidx.credentials:credentials-play-services-auth:1.2.0-rc01] AndroidManifest.xml:26:13-35
169            android:exported="false" >
169-->[androidx.credentials:credentials-play-services-auth:1.2.0-rc01] AndroidManifest.xml:27:13-37
170            <meta-data
170-->[androidx.credentials:credentials-play-services-auth:1.2.0-rc01] AndroidManifest.xml:29:13-31:104
171                android:name="androidx.credentials.CREDENTIAL_PROVIDER_KEY"
171-->[androidx.credentials:credentials-play-services-auth:1.2.0-rc01] AndroidManifest.xml:30:17-76
172                android:value="androidx.credentials.playservices.CredentialProviderPlayServicesImpl" />
172-->[androidx.credentials:credentials-play-services-auth:1.2.0-rc01] AndroidManifest.xml:31:17-101
173        </service>
174
175        <activity
175-->[androidx.credentials:credentials-play-services-auth:1.2.0-rc01] AndroidManifest.xml:34:9-41:20
176            android:name="androidx.credentials.playservices.HiddenActivity"
176-->[androidx.credentials:credentials-play-services-auth:1.2.0-rc01] AndroidManifest.xml:35:13-76
177            android:configChanges="orientation|screenSize|screenLayout|keyboardHidden"
177-->[androidx.credentials:credentials-play-services-auth:1.2.0-rc01] AndroidManifest.xml:36:13-87
178            android:enabled="true"
178-->[androidx.credentials:credentials-play-services-auth:1.2.0-rc01] AndroidManifest.xml:37:13-35
179            android:exported="false"
179-->[androidx.credentials:credentials-play-services-auth:1.2.0-rc01] AndroidManifest.xml:38:13-37
180            android:fitsSystemWindows="true"
180-->[androidx.credentials:credentials-play-services-auth:1.2.0-rc01] AndroidManifest.xml:39:13-45
181            android:theme="@style/Theme.Hidden" >
181-->[androidx.credentials:credentials-play-services-auth:1.2.0-rc01] AndroidManifest.xml:40:13-48
182        </activity>
183        <activity
183-->[com.google.android.gms:play-services-auth:21.4.0] AndroidManifest.xml:23:9-27:75
184            android:name="com.google.android.gms.auth.api.signin.internal.SignInHubActivity"
184-->[com.google.android.gms:play-services-auth:21.4.0] AndroidManifest.xml:24:13-93
185            android:excludeFromRecents="true"
185-->[com.google.android.gms:play-services-auth:21.4.0] AndroidManifest.xml:25:13-46
186            android:exported="false"
186-->[com.google.android.gms:play-services-auth:21.4.0] AndroidManifest.xml:26:13-37
187            android:theme="@android:style/Theme.Translucent.NoTitleBar" />
187-->[com.google.android.gms:play-services-auth:21.4.0] AndroidManifest.xml:27:13-72
188        <!--
189            Service handling Google Sign-In user revocation. For apps that do not integrate with
190            Google Sign-In, this service will never be started.
191        -->
192        <service
192-->[com.google.android.gms:play-services-auth:21.4.0] AndroidManifest.xml:33:9-37:51
193            android:name="com.google.android.gms.auth.api.signin.RevocationBoundService"
193-->[com.google.android.gms:play-services-auth:21.4.0] AndroidManifest.xml:34:13-89
194            android:exported="true"
194-->[com.google.android.gms:play-services-auth:21.4.0] AndroidManifest.xml:35:13-36
195            android:permission="com.google.android.gms.auth.api.signin.permission.REVOCATION_NOTIFICATION"
195-->[com.google.android.gms:play-services-auth:21.4.0] AndroidManifest.xml:36:13-107
196            android:visibleToInstantApps="true" />
196-->[com.google.android.gms:play-services-auth:21.4.0] AndroidManifest.xml:37:13-48
197
198        <receiver
198-->[com.google.firebase:firebase-messaging:25.0.0] AndroidManifest.xml:29:9-40:20
199            android:name="com.google.firebase.iid.FirebaseInstanceIdReceiver"
199-->[com.google.firebase:firebase-messaging:25.0.0] AndroidManifest.xml:30:13-78
200            android:exported="true"
200-->[com.google.firebase:firebase-messaging:25.0.0] AndroidManifest.xml:31:13-36
201            android:permission="com.google.android.c2dm.permission.SEND" >
201-->[com.google.firebase:firebase-messaging:25.0.0] AndroidManifest.xml:32:13-73
202            <intent-filter>
202-->[com.google.firebase:firebase-messaging:25.0.0] AndroidManifest.xml:33:13-35:29
203                <action android:name="com.google.android.c2dm.intent.RECEIVE" />
203-->[com.google.firebase:firebase-messaging:25.0.0] AndroidManifest.xml:34:17-81
203-->[com.google.firebase:firebase-messaging:25.0.0] AndroidManifest.xml:34:25-78
204            </intent-filter>
205
206            <meta-data
206-->[com.google.firebase:firebase-messaging:25.0.0] AndroidManifest.xml:37:13-39:40
207                android:name="com.google.android.gms.cloudmessaging.FINISHED_AFTER_HANDLED"
207-->[com.google.firebase:firebase-messaging:25.0.0] AndroidManifest.xml:38:17-92
208                android:value="true" />
208-->[com.google.firebase:firebase-messaging:25.0.0] AndroidManifest.xml:39:17-37
209        </receiver>
210        <!--
211             FirebaseMessagingService performs security checks at runtime,
212             but set to not exported to explicitly avoid allowing another app to call it.
213        -->
214        <service
214-->[com.google.firebase:firebase-messaging:25.0.0] AndroidManifest.xml:46:9-53:19
215            android:name="com.google.firebase.messaging.FirebaseMessagingService"
215-->[com.google.firebase:firebase-messaging:25.0.0] AndroidManifest.xml:47:13-82
216            android:directBootAware="true"
216-->[com.google.firebase:firebase-messaging:25.0.0] AndroidManifest.xml:48:13-43
217            android:exported="false" >
217-->[com.google.firebase:firebase-messaging:25.0.0] AndroidManifest.xml:49:13-37
218            <intent-filter android:priority="-500" >
218-->[com.google.firebase:firebase-messaging:25.0.0] AndroidManifest.xml:50:13-52:29
218-->[com.google.firebase:firebase-messaging:25.0.0] AndroidManifest.xml:50:28-51
219                <action android:name="com.google.firebase.MESSAGING_EVENT" />
219-->[com.google.firebase:firebase-messaging:25.0.0] AndroidManifest.xml:51:17-78
219-->[com.google.firebase:firebase-messaging:25.0.0] AndroidManifest.xml:51:25-75
220            </intent-filter>
221        </service>
222
223        <activity
223-->[com.google.android.gms:play-services-base:18.5.0] AndroidManifest.xml:5:9-173
224            android:name="com.google.android.gms.common.api.GoogleApiActivity"
224-->[com.google.android.gms:play-services-base:18.5.0] AndroidManifest.xml:5:19-85
225            android:exported="false"
225-->[com.google.android.gms:play-services-base:18.5.0] AndroidManifest.xml:5:146-170
226            android:theme="@android:style/Theme.Translucent.NoTitleBar" />
226-->[com.google.android.gms:play-services-base:18.5.0] AndroidManifest.xml:5:86-145
227
228        <provider
228-->[com.google.firebase:firebase-common:22.0.0] AndroidManifest.xml:23:9-28:39
229            android:name="com.google.firebase.provider.FirebaseInitProvider"
229-->[com.google.firebase:firebase-common:22.0.0] AndroidManifest.xml:24:13-77
230            android:authorities="com.talepifyapp.firebaseinitprovider"
230-->[com.google.firebase:firebase-common:22.0.0] AndroidManifest.xml:25:13-72
231            android:directBootAware="true"
231-->[com.google.firebase:firebase-common:22.0.0] AndroidManifest.xml:26:13-43
232            android:exported="false"
232-->[com.google.firebase:firebase-common:22.0.0] AndroidManifest.xml:27:13-37
233            android:initOrder="100" />
233-->[com.google.firebase:firebase-common:22.0.0] AndroidManifest.xml:28:13-36
234        <provider
234-->[androidx.emoji2:emoji2:1.3.0] AndroidManifest.xml:24:9-32:20
235            android:name="androidx.startup.InitializationProvider"
235-->[androidx.emoji2:emoji2:1.3.0] AndroidManifest.xml:25:13-67
236            android:authorities="com.talepifyapp.androidx-startup"
236-->[androidx.emoji2:emoji2:1.3.0] AndroidManifest.xml:26:13-68
237            android:exported="false" >
237-->[androidx.emoji2:emoji2:1.3.0] AndroidManifest.xml:27:13-37
238            <meta-data
238-->[androidx.emoji2:emoji2:1.3.0] AndroidManifest.xml:29:13-31:52
239                android:name="androidx.emoji2.text.EmojiCompatInitializer"
239-->[androidx.emoji2:emoji2:1.3.0] AndroidManifest.xml:30:17-75
240                android:value="androidx.startup" />
240-->[androidx.emoji2:emoji2:1.3.0] AndroidManifest.xml:31:17-49
241            <meta-data
241-->[androidx.lifecycle:lifecycle-process:2.8.7] AndroidManifest.xml:29:13-31:52
242                android:name="androidx.lifecycle.ProcessLifecycleInitializer"
242-->[androidx.lifecycle:lifecycle-process:2.8.7] AndroidManifest.xml:30:17-78
243                android:value="androidx.startup" />
243-->[androidx.lifecycle:lifecycle-process:2.8.7] AndroidManifest.xml:31:17-49
244            <meta-data
244-->[androidx.profileinstaller:profileinstaller:1.4.1] AndroidManifest.xml:29:13-31:52
245                android:name="androidx.profileinstaller.ProfileInstallerInitializer"
245-->[androidx.profileinstaller:profileinstaller:1.4.1] AndroidManifest.xml:30:17-85
246                android:value="androidx.startup" />